-------------------------------------------------------------------------------
Test set: Find Transactions in Account Activity
-------------------------------------------------------------------------------
Tests run: 4, Failures: 1, Errors: 0, Skipped: 0, Time elapsed: 154.477 s <<< FAILURE! - in Find Transactions in Account Activity
Search description case insensitive(Find Transactions in Account Activity)  Time elapsed: 51.401 s  <<< FAILURE!
java.lang.AssertionError: Search w/ lowercase do not work....

