<?xml version="1.0" encoding="UTF-8"?>
<testsuite xmlns:xsi="http://www.w3.org/2001/XMLSchema-instance" xsi:noNamespaceSchemaLocation="https://maven.apache.org/surefire/maven-surefire-plugin/xsd/surefire-test-report.xsd" name="Statements and Documents details" time="59.591" tests="4" errors="0" skipped="0" failures="0">
  <properties>
[...]
</properties>
  <testcase name="Recent statements per year" classname="Statements and Documents details" time="22.16"/>
  <testcase name="Recent statements per year" classname="Statements and Documents details" time="9.585"/>
  <testcase name="Recent statements per year" classname="Statements and Documents details" time="10.849"/>
  <testcase name="Recent statements per year" classname="Statements and Documents details" time="16.992"/>
</testsuite>